#
# There is insufficient memory for the Java Runtime Environment to continue.
# Native memory allocation (malloc) failed to allocate 524304 bytes for Chunk::new
# Possible reasons:
#   The system is out of physical RAM or swap space
#   In 32 bit mode, the process size limit was hit
# Possible solutions:
#   Reduce memory load on the system
#   Increase physical memory or swap space
#   Check if swap backing store is full
#   Use 64 bit Java on a 64 bit OS
#   Decrease Java heap size (-Xmx/-Xms)
#   Decrease number of Java threads
#   Decrease Java thread stack sizes (-Xss)
#   Set larger code cache with -XX:ReservedCodeCacheSize=
# This output file may be truncated or incomplete.
#
#  Out of Memory Error (allocation.cpp:390), pid=7376, tid=0x00000000000027cc
#
# JRE version: Java(TM) SE Runtime Environment (8.0_92-b14) (build 1.8.0_92-b14)
# Java VM: Java HotSpot(TM) 64-Bit Server VM (25.92-b14 mixed mode windows-amd64 compressed oops)
# Failed to write core dump. Minidumps are not enabled by default on client versions of Windows
#

---------------  T H R E A D  ---------------

Current thread (0x0000000009a30800):  JavaThread "C2 CompilerThread1" daemon [_thread_in_native, id=10188, stack(0x000000000a400000,0x000000000a500000)]

Stack: [0x000000000a400000,0x000000000a500000]
[error occurred during error reporting (printing stack bounds), id 0xc0000005]

Native frames: (J=compiled Java code, j=interpreted, Vv=VM code, C=native code)


Current CompileTask:
C2:   3492 1809       4       java.net.URLClassLoader$1::run (5 bytes)


---------------  P R O C E S S  ---------------

Java Threads: ( => current thread )
  0x000000000ac2a000 JavaThread "restartedMain" [_thread_in_Java, id=11008, stack(0x000000000b2b0000,0x000000000b3b0000)]
  0x000000000ac29800 JavaThread "Thread-0" [_thread_blocked, id=5664, stack(0x000000000b0d0000,0x000000000b1d0000)]
  0x0000000009a7e000 JavaThread "Service Thread" daemon [_thread_blocked, id=10704, stack(0x000000000a620000,0x000000000a720000)]
  0x0000000009a33800 JavaThread "C1 CompilerThread2" daemon [_thread_blocked, id=10340, stack(0x000000000a2e0000,0x000000000a3e0000)]
=>0x0000000009a30800 JavaThread "C2 CompilerThread1" daemon [_thread_in_native, id=10188, stack(0x000000000a400000,0x000000000a500000)]
  0x0000000009a2f800 JavaThread "C2 CompilerThread0" daemon [_thread_in_native, id=9888, stack(0x000000000a140000,0x000000000a240000)]
  0x0000000009962800 JavaThread "Monitor Ctrl-Break" daemon [_thread_in_native, id=4336, stack(0x0000000009fd0000,0x000000000a0d0000)]
  0x00000000097f2800 JavaThread "Attach Listener" daemon [_thread_blocked, id=7152, stack(0x0000000009c90000,0x0000000009d90000)]
  0x000000000854f000 JavaThread "Signal Dispatcher" daemon [_thread_blocked, id=10316, stack(0x0000000009db0000,0x0000000009eb0000)]
  0x000000000852c800 JavaThread "Finalizer" daemon [_thread_blocked, id=11012, stack(0x00000000095c0000,0x00000000096c0000)]
  0x00000000084e5800 JavaThread "Reference Handler" daemon [_thread_blocked, id=808, stack(0x00000000096e0000,0x00000000097e0000)]
  0x000000000240b000 JavaThread "main" [_thread_blocked, id=10824, stack(0x0000000002880000,0x0000000002980000)]

Other Threads:
  0x00000000084de000 VMThread [stack: 0x0000000009480000,0x0000000009580000] [id=9136]
  0x0000000009b27000 WatcherThread [stack: 0x000000000a770000,0x000000000a870000] [id=6792]

VM state:not at safepoint (normal execution)

VM Mutex/Monitor currently owned by a thread: None

Heap:
 PSYoungGen      total 58368K, used 6755K [0x00000000d6d00000, 0x00000000db380000, 0x0000000100000000)
  eden space 53248K, 4% used [0x00000000d6d00000,0x00000000d6f230f0,0x00000000da100000)
  from space 5120K, 89% used [0x00000000da980000,0x00000000dadf5be8,0x00000000dae80000)
  to   space 3584K, 0% used [0x00000000db000000,0x00000000db000000,0x00000000db380000)
 ParOldGen       total 49664K, used 4765K [0x0000000084600000, 0x0000000087680000, 0x00000000d6d00000)
  object space 49664K, 9% used [0x0000000084600000,0x0000000084aa75e0,0x0000000087680000)
 Metaspace       used 20083K, capacity 20348K, committed 20480K, reserved 1069056K
  class space    used 2430K, capacity 2511K, committed 2560K, reserved 1048576K

Card table byte_map: [0x0000000002d40000,0x0000000003120000] byte_map_base: 0x000000000291d000

Marking Bits: (ParMarkBitMap*) 0x00000000513164f0
 Begin Bits: [0x00000000039a0000, 0x0000000005888000)
 End Bits:   [0x0000000005888000, 0x0000000007770000)

Polling page: 0x0000000000130000

CodeCache: size=245760Kb used=7088Kb max_used=7088Kb free=238671Kb
 bounds [0x000000000f010000, 0x000000000f700000, 0x000000001e010000]
 total_blobs=2311 nmethods=1947 adapters=276
 compilation: disabled (not enough contiguous free space left)

Compilation events (10 events):
Event: 3.467 Thread 0x0000000009a33800 nmethod 1945 0x000000000f6f5910 code [0x000000000f6f5b80, 0x000000000f6f6ea8]
Event: 3.467 Thread 0x0000000009a33800 1946       3       org.springframework.beans.factory.support.DefaultListableBeanFactory::containsBeanDefinition (17 bytes)
Event: 3.468 Thread 0x0000000009a33800 nmethod 1946 0x000000000f6f7410 code [0x000000000f6f75a0, 0x000000000f6f7918]
Event: 3.469 Thread 0x0000000009a33800 1947       3       org.springframework.boot.autoconfigure.condition.ConditionMessage::<init> (6 bytes)
Event: 3.469 Thread 0x0000000009a33800 nmethod 1947 0x000000000f6f7a90 code [0x000000000f6f7c00, 0x000000000f6f7e30]
Event: 3.469 Thread 0x0000000009a33800 1948       3       org.springframework.boot.autoconfigure.condition.OnClassCondition$MatchType$2::matches (14 bytes)
Event: 3.470 Thread 0x0000000009a33800 nmethod 1948 0x000000000f6f7f10 code [0x000000000f6f80e0, 0x000000000f6f8758]
Event: 3.473 Thread 0x0000000009a33800 1949   !   3       org.springframework.util.ClassUtils::forName (268 bytes)
Event: 3.478 Thread 0x0000000009a33800 nmethod 1949 0x000000000f6f8bd0 code [0x000000000f6f90c0, 0x000000000f6fc438]
Event: 3.481 Thread 0x0000000009a33800 1950       3       org.springframework.util.StringUtils::arrayToDelimitedString (68 bytes)

GC Heap History (10 events):
Event: 1.816 GC heap before
{Heap before GC invocations=2 (full 0):
 PSYoungGen      total 36864K, used 36482K [0x00000000d6d00000, 0x00000000d9600000, 0x0000000100000000)
  eden space 31744K, 100% used [0x00000000d6d00000,0x00000000d8c00000,0x00000000d8c00000)
  from space 5120K, 92% used [0x00000000d8c00000,0x00000000d90a0b10,0x00000000d9100000)
  to   space 5120K, 0% used [0x00000000d9100000,0x00000000d9100000,0x00000000d9600000)
 ParOldGen       total 84992K, used 8K [0x0000000084600000, 0x0000000089900000, 0x00000000d6d00000)
  object space 84992K, 0% used [0x0000000084600000,0x0000000084602000,0x0000000089900000)
 Metaspace       used 11824K, capacity 12036K, committed 12288K, reserved 1060864K
  class space    used 1443K, capacity 1497K, committed 1536K, reserved 1048576K
Event: 1.826 GC heap after
Heap after GC invocations=2 (full 0):
 PSYoungGen      total 36864K, used 5119K [0x00000000d6d00000, 0x00000000db500000, 0x0000000100000000)
  eden space 31744K, 0% used [0x00000000d6d00000,0x00000000d6d00000,0x00000000d8c00000)
  from space 5120K, 99% used [0x00000000d9100000,0x00000000d95ffec8,0x00000000d9600000)
  to   space 5120K, 0% used [0x00000000d8c00000,0x00000000d8c00000,0x00000000d9100000)
 ParOldGen       total 84992K, used 887K [0x0000000084600000, 0x0000000089900000, 0x00000000d6d00000)
  object space 84992K, 1% used [0x0000000084600000,0x00000000846ddce0,0x0000000089900000)
 Metaspace       used 11824K, capacity 12036K, committed 12288K, reserved 1060864K
  class space    used 1443K, capacity 1497K, committed 1536K, reserved 1048576K
}
Event: 1.983 GC heap before
{Heap before GC invocations=3 (full 0):
 PSYoungGen      total 36864K, used 21934K [0x00000000d6d00000, 0x00000000db500000, 0x0000000100000000)
  eden space 31744K, 52% used [0x00000000d6d00000,0x00000000d7d6bc98,0x00000000d8c00000)
  from space 5120K, 99% used [0x00000000d9100000,0x00000000d95ffec8,0x00000000d9600000)
  to   space 5120K, 0% used [0x00000000d8c00000,0x00000000d8c00000,0x00000000d9100000)
 ParOldGen       total 84992K, used 887K [0x0000000084600000, 0x0000000089900000, 0x00000000d6d00000)
  object space 84992K, 1% used [0x0000000084600000,0x00000000846ddce0,0x0000000089900000)
 Metaspace       used 14700K, capacity 14858K, committed 14976K, reserved 1067008K
  class space    used 1790K, capacity 1818K, committed 1920K, reserved 1048576K
Event: 1.989 GC heap after
Heap after GC invocations=3 (full 0):
 PSYoungGen      total 36864K, used 4918K [0x00000000d6d00000, 0x00000000db500000, 0x0000000100000000)
  eden space 31744K, 0% used [0x00000000d6d00000,0x00000000d6d00000,0x00000000d8c00000)
  from space 5120K, 96% used [0x00000000d8c00000,0x00000000d90cdb60,0x00000000d9100000)
  to   space 5120K, 0% used [0x00000000db000000,0x00000000db000000,0x00000000db500000)
 ParOldGen       total 84992K, used 959K [0x0000000084600000, 0x0000000089900000, 0x00000000d6d00000)
  object space 84992K, 1% used [0x0000000084600000,0x00000000846efcf0,0x0000000089900000)
 Metaspace       used 14700K, capacity 14858K, committed 14976K, reserved 1067008K
  class space    used 1790K, capacity 1818K, committed 1920K, reserved 1048576K
}
Event: 1.989 GC heap before
{Heap before GC invocations=4 (full 1):
 PSYoungGen      total 36864K, used 4918K [0x00000000d6d00000, 0x00000000db500000, 0x0000000100000000)
  eden space 31744K, 0% used [0x00000000d6d00000,0x00000000d6d00000,0x00000000d8c00000)
  from space 5120K, 96% used [0x00000000d8c00000,0x00000000d90cdb60,0x00000000d9100000)
  to   space 5120K, 0% used [0x00000000db000000,0x00000000db000000,0x00000000db500000)
 ParOldGen       total 84992K, used 959K [0x0000000084600000, 0x0000000089900000, 0x00000000d6d00000)
  object space 84992K, 1% used [0x0000000084600000,0x00000000846efcf0,0x0000000089900000)
 Metaspace       used 14700K, capacity 14858K, committed 14976K, reserved 1067008K
  class space    used 1790K, capacity 1818K, committed 1920K, reserved 1048576K
Event: 2.012 GC heap after
Heap after GC invocations=4 (full 1):
 PSYoungGen      total 36864K, used 0K [0x00000000d6d00000, 0x00000000db500000, 0x0000000100000000)
  eden space 31744K, 0% used [0x00000000d6d00000,0x00000000d6d00000,0x00000000d8c00000)
  from space 5120K, 0% used [0x00000000d8c00000,0x00000000d8c00000,0x00000000d9100000)
  to   space 5120K, 0% used [0x00000000db000000,0x00000000db000000,0x00000000db500000)
 ParOldGen       total 49664K, used 4749K [0x0000000084600000, 0x0000000087680000, 0x00000000d6d00000)
  object space 49664K, 9% used [0x0000000084600000,0x0000000084aa35e0,0x0000000087680000)
 Metaspace       used 14700K, capacity 14858K, committed 14976K, reserved 1064960K
  class space    used 1790K, capacity 1818K, committed 1920K, reserved 1048576K
}
Event: 2.673 GC heap before
{Heap before GC invocations=5 (full 1):
 PSYoungGen      total 36864K, used 31744K [0x00000000d6d00000, 0x00000000db500000, 0x0000000100000000)
  eden space 31744K, 100% used [0x00000000d6d00000,0x00000000d8c00000,0x00000000d8c00000)
  from space 5120K, 0% used [0x00000000d8c00000,0x00000000d8c00000,0x00000000d9100000)
  to   space 5120K, 0% used [0x00000000db000000,0x00000000db000000,0x00000000db500000)
 ParOldGen       total 49664K, used 4749K [0x0000000084600000, 0x0000000087680000, 0x00000000d6d00000)
  object space 49664K, 9% used [0x0000000084600000,0x0000000084aa35e0,0x0000000087680000)
 Metaspace       used 18855K, capacity 19138K, committed 19328K, reserved 1067008K
  class space    used 2291K, capacity 2373K, committed 2432K, reserved 1048576K
Event: 2.694 GC heap after
Heap after GC invocations=5 (full 1):
 PSYoungGen      total 56832K, used 3387K [0x00000000d6d00000, 0x00000000db380000, 0x0000000100000000)
  eden space 53248K, 0% used [0x00000000d6d00000,0x00000000d6d00000,0x00000000da100000)
  from space 3584K, 94% used [0x00000000db000000,0x00000000db34ef28,0x00000000db380000)
  to   space 5120K, 0% used [0x00000000da980000,0x00000000da980000,0x00000000dae80000)
 ParOldGen       total 49664K, used 4757K [0x0000000084600000, 0x0000000087680000, 0x00000000d6d00000)
  object space 49664K, 9% used [0x0000000084600000,0x0000000084aa55e0,0x0000000087680000)
 Metaspace       used 18855K, capacity 19138K, committed 19328K, reserved 1067008K
  class space    used 2291K, capacity 2373K, committed 2432K, reserved 1048576K
}
Event: 3.448 GC heap before
{Heap before GC invocations=6 (full 1):
 PSYoungGen      total 56832K, used 56635K [0x00000000d6d00000, 0x00000000db380000, 0x0000000100000000)
  eden space 53248K, 100% used [0x00000000d6d00000,0x00000000da100000,0x00000000da100000)
  from space 3584K, 94% used [0x00000000db000000,0x00000000db34ef28,0x00000000db380000)
  to   space 5120K, 0% used [0x00000000da980000,0x00000000da980000,0x00000000dae80000)
 ParOldGen       total 49664K, used 4757K [0x0000000084600000, 0x0000000087680000, 0x00000000d6d00000)
  object space 49664K, 9% used [0x0000000084600000,0x0000000084aa55e0,0x0000000087680000)
 Metaspace       used 20022K, capacity 20284K, committed 20480K, reserved 1069056K
  class space    used 2420K, capacity 2511K, committed 2560K, reserved 1048576K
Event: 3.456 GC heap after
Heap after GC invocations=6 (full 1):
 PSYoungGen      total 58368K, used 4566K [0x00000000d6d00000, 0x00000000db380000, 0x0000000100000000)
  eden space 53248K, 0% used [0x00000000d6d00000,0x00000000d6d00000,0x00000000da100000)
  from space 5120K, 89% used [0x00000000da980000,0x00000000dadf5be8,0x00000000dae80000)
  to   space 3584K, 0% used [0x00000000db000000,0x00000000db000000,0x00000000db380000)
 ParOldGen       total 49664K, used 4765K [0x0000000084600000, 0x0000000087680000, 0x00000000d6d00000)
  object space 49664K, 9% used [0x0000000084600000,0x0000000084aa75e0,0x0000000087680000)
 Metaspace       used 20022K, capacity 20284K, committed 20480K, reserved 1069056K
  class space    used 2420K, capacity 2511K, committed 2560K, reserved 1048576K
}

Deoptimization events (10 events):
Event: 2.030 Thread 0x000000000ac2a000 Uncommon trap: reason=class_check action=maybe_recompile pc=0x000000000f2f3768 method=java.util.regex.Pattern$CharProperty.match(Ljava/util/regex/Matcher;ILjava/lang/CharSequence;)Z @ 37
Event: 2.030 Thread 0x000000000ac2a000 Uncommon trap: reason=class_check action=maybe_recompile pc=0x000000000f2f3768 method=java.util.regex.Pattern$CharProperty.match(Ljava/util/regex/Matcher;ILjava/lang/CharSequence;)Z @ 37
Event: 2.080 Thread 0x000000000aace800 Uncommon trap: reason=unstable_if action=reinterpret pc=0x000000000f3d3648 method=com.sun.org.apache.xerces.internal.impl.XMLEntityScanner.scanLiteral(ILcom/sun/org/apache/xerces/internal/xni/XMLString;)I @ 563
Event: 2.122 Thread 0x000000000aace800 Uncommon trap: reason=unstable_if action=reinterpret pc=0x000000000f3e20b0 method=com.sun.org.apache.xerces.internal.impl.XMLEntityScanner.skipSpaces()Z @ 115
Event: 2.173 Thread 0x000000000aace800 Uncommon trap: reason=unstable_if action=reinterpret pc=0x000000000f406f9c method=com.sun.org.apache.xerces.internal.util.SymbolTable.addSymbol([CII)Ljava/lang/String; @ 38
Event: 2.314 Thread 0x000000000aace800 Uncommon trap: reason=class_check action=maybe_recompile pc=0x000000000f2f445c method=java.util.regex.Matcher.search(I)Z @ 86
Event: 2.314 Thread 0x000000000aace800 Uncommon trap: reason=bimorphic action=maybe_recompile pc=0x000000000f308230 method=java.util.regex.Pattern$BmpCharProperty.match(Ljava/util/regex/Matcher;ILjava/lang/CharSequence;)Z @ 31
Event: 2.314 Thread 0x000000000aace800 Uncommon trap: reason=unstable_if action=reinterpret pc=0x000000000f3081d8 method=java.util.regex.Pattern$BmpCharProperty.match(Ljava/util/regex/Matcher;ILjava/lang/CharSequence;)Z @ 5
Event: 2.439 Thread 0x000000000aace800 Uncommon trap: reason=predicate action=maybe_recompile pc=0x000000000f336348 method=java.lang.String.regionMatches(ZILjava/lang/String;II)Z @ 63
Event: 3.402 Thread 0x000000000ac2a000 Uncommon trap: reason=class_check action=maybe_recompile pc=0x000000000f38e774 method=java.util.concurrent.ConcurrentHashMap.putVal(Ljava/lang/Object;Ljava/lang/Object;Z)Ljava/lang/Object; @ 192

Internal exceptions (10 events):
Event: 1.774 Thread 0x000000000ac2a000 Implicit null exception at 0x000000000f235255 to 0x000000000f235451
Event: 1.947 Thread 0x000000000ac2a000 Exception <a 'java/lang/ClassNotFoundException': java/lang/ObjectCustomizer> (0x00000000d79d3ad8) thrown at [D:\re\workspace\8-2-build-windows-amd64-cygwin\jdk8u92\6642\hotspot\src\share\vm\classfile\systemDictionary.cpp, line 210]
Event: 1.951 Thread 0x000000000ac2a000 Exception <a 'java/lang/ClassNotFoundException': org/springframework/context/annotation/ConfigurationClassPostProcessorCustomizer> (0x00000000d79eccd0) thrown at [D:\re\workspace\8-2-build-windows-amd64-cygwin\jdk8u92\6642\hotspot\src\share\vm\classfile\sypDi=ˇ?
Event: 1.952 Thread 0x000000000ac2a000 Exception <a 'java/lang/ClassNotFoundException': org/springframework/beans/factory/support/BeanDefinitionRegistryPostProcessorCustomizer> (0x00000000d7aa7438) thrown at [D:\re\workspace\8-2-build-windows-amd64-cygwin\jdk8u92\6642\hotspot\src\share\vm\classÅClLv?ˇ?
Event: 1.953 Thread 0x000000000ac2a000 Exception <a 'java/lang/ClassNotFoundException': org/springframework/core/PriorityOrderedCustomizer> (0x00000000d7ab7540) thrown at [D:\re\workspace\8-2-build-windows-amd64-cygwin\jdk8u92\6642\hotspot\src\share\vm\classfile\systemDictionary.cpp, line 210]
Event: 1.953 Thread 0x000000000ac2a000 Exception <a 'java/lang/ClassNotFoundException': org/springframework/context/ResourceLoaderAwareCustomizer> (0x00000000d7ac7cb0) thrown at [D:\re\workspace\8-2-build-windows-amd64-cygwin\jdk8u92\6642\hotspot\src\share\vm\classfile\systemDictionary.cpp, lin"Î—≠Bˇ?
Event: 1.954 Thread 0x000000000ac2a000 Exception <a 'java/lang/ClassNotFoundException': org/springframework/beans/factory/BeanClassLoaderAwareCustomizer> (0x00000000d7adac58) thrown at [D:\re\workspace\8-2-build-windows-amd64-cygwin\jdk8u92\6642\hotspot\src\share\vm\classfile\systemDictionary.cöΩ=éDˇ?
Event: 1.954 Thread 0x000000000ac2a000 Exception <a 'java/lang/ClassNotFoundException': org/springframework/context/EnvironmentAwareCustomizer> (0x00000000d7aebd90) thrown at [D:\re\workspace\8-2-build-windows-amd64-cygwin\jdk8u92\6642\hotspot\src\share\vm\classfile\systemDictionary.cpp, line 22\reposi∫x0· 
Event: 2.427 Thread 0x000000000aace800 Exception <a 'java/lang/NoSuchFieldError': method resolution failed> (0x00000000d7dcb5c0) thrown at [D:\re\workspace\8-2-build-windows-amd64-cygwin\jdk8u92\6642\hotspot\src\share\vm\prims\methodHandles.cpp, line 1146]
Event: 2.429 Thread 0x000000000aace800 Exception <a 'java/lang/NoSuchFieldError': method resolution failed> (0x00000000d7dd9550) thrown at [D:\re\workspace\8-2-build-windows-amd64-cygwin\jdk8u92\6642\hotspot\src\share\vm\prims\methodHandles.cpp, line 1146]

Events (10 events):
Event: 3.480 loading class groovy/text$TemplateEngine
Event: 3.480 loading class groovy/text$TemplateEngine done
Event: 3.480 loading class org/thymeleaf/spring4/SpringTemplateEngine
Event: 3.480 loading class org/thymeleaf/spring4/SpringTemplateEngine done
Event: 3.480 loading class org/thymeleaf/spring4$SpringTemplateEngine
Event: 3.480 loading class org/thymeleaf/spring4$SpringTemplateEngine done
Event: 3.480 loading class org/apache/jasper/compiler/JspConfig
Event: 3.480 loading class org/apache/jasper/compiler/JspConfig done
Event: 3.480 loading class org/apache/jasper/compiler$JspConfig
Event: 3.480 loading class org/apache/jasper/compiler$JspConfig done


Dynamic libraries:
0x000000013fa90000 - 0x000000013fac7000 	C:\Program Files\Java\jdk1.8.0_92\bin\java.exe
0x0000000076f90000 - 0x000000007713c000 	C:\Windows\SYSTEM32\ntdll.dll
0x0000000076d70000 - 0x0000000076e8f000 	C:\Windows\system32\kernel32.dll
0x000007fefcff0000 - 0x000007fefd05c000 	C:\Windows\system32\KERNELBASE.dll
0x000007feff130000 - 0x000007feff20b000 	C:\Windows\system32\ADVAPI32.dll
0x000007fefe8b0000 - 0x000007fefe94f000 	C:\Windows\system32\msvcrt.dll
0x000007fefec70000 - 0x000007fefec8f000 	C:\Windows\SYSTEM32\sechost.dll
0x000007fefee20000 - 0x000007fefef4e000 	C:\Windows\system32\RPCRT4.dll
0x0000000076e90000 - 0x0000000076f8a000 	C:\Windows\system32\USER32.dll
0x000007fefd4b0000 - 0x000007fefd517000 	C:\Windows\system32\GDI32.dll
0x000007fefee10000 - 0x000007fefee1e000 	C:\Windows\system32\LPK.dll
0x000007fefda50000 - 0x000007fefdb1a000 	C:\Windows\system32\USP10.dll
0x000007fefb300000 - 0x000007fefb4f4000 	C:\Windows\WinSxS\amd64_microsoft.windows.common-controls_6595b64144ccf1df_6.0.7600.16661_none_fa62ad231704eab7\COMCTL32.dll
0x000007fefd130000 - 0x000007fefd1a1000 	C:\Windows\system32\SHLWAPI.dll
0x000007fefda20000 - 0x000007fefda4e000 	C:\Windows\system32\IMM32.DLL
0x000007fefea30000 - 0x000007fefeb39000 	C:\Windows\system32\MSCTF.dll
0x000007fefcc80000 - 0x000007fefccb2000 	C:\Windows\system32\nvinitx.dll
0x000007fefcc70000 - 0x000007fefcc7c000 	C:\Windows\system32\VERSION.dll
0x000000000f000000 - 0x000000000f006000 	C:\Program Files\NVIDIA Corporation\CoProcManager\detoured.dll
0x000007fefa0d0000 - 0x000007fefa102000 	C:\Program Files\NVIDIA Corporation\CoProcManager\nvd3d9wrapx.dll
0x000007fefef50000 - 0x000007feff127000 	C:\Windows\system32\SETUPAPI.dll
0x000007fefcdc0000 - 0x000007fefcdf6000 	C:\Windows\system32\CFGMGR32.dll
0x000007fefed30000 - 0x000007fefee07000 	C:\Windows\system32\OLEAUT32.dll
0x000007fefd200000 - 0x000007fefd402000 	C:\Windows\system32\ole32.dll
0x000007fefd100000 - 0x000007fefd11a000 	C:\Windows\system32\DEVOBJ.dll
0x000007fefa0a0000 - 0x000007fefa0c2000 	C:\Program Files\NVIDIA Corporation\CoProcManager\nvdxgiwrapx.dll
0x000000005e160000 - 0x000000005e232000 	C:\Program Files\Java\jdk1.8.0_92\jre\bin\msvcr100.dll
0x0000000050b00000 - 0x0000000051396000 	C:\Program Files\Java\jdk1.8.0_92\jre\bin\server\jvm.dll
0x000007fef4580000 - 0x000007fef4589000 	C:\Windows\system32\WSOCK32.dll
0x000007fefd1b0000 - 0x000007fefd1fd000 	C:\Windows\system32\WS2_32.dll
0x000007fefea20000 - 0x000007fefea28000 	C:\Windows\system32\NSI.dll
0x000007fefce00000 - 0x000007fefce3b000 	C:\Windows\system32\WINMM.dll
0x0000000077150000 - 0x0000000077157000 	C:\Windows\system32\PSAPI.DLL
0x0000000072a80000 - 0x0000000072a8f000 	C:\Program Files\Java\jdk1.8.0_92\jre\bin\verify.dll
0x0000000072a50000 - 0x0000000072a79000 	C:\Program Files\Java\jdk1.8.0_92\jre\bin\java.dll
0x0000000066050000 - 0x0000000066073000 	C:\Program Files\Java\jdk1.8.0_92\jre\bin\instrument.dll
0x0000000072a30000 - 0x0000000072a46000 	C:\Program Files\Java\jdk1.8.0_92\jre\bin\zip.dll
0x000007fefdb20000 - 0x000007fefe8a7000 	C:\Windows\system32\SHELL32.dll
0x000007fefccc0000 - 0x000007fefcccf000 	C:\Windows\system32\profapi.dll
0x000007fedf000000 - 0x000007fedf01a000 	D:\IDEA\IntelliJ IDEA Community Edition 2017.1.5\bin\breakgen64.dll
0x0000000066030000 - 0x000000006604a000 	C:\Program Files\Java\jdk1.8.0_92\jre\bin\net.dll
0x000007fefc5a0000 - 0x000007fefc5f4000 	C:\Windows\system32\mswsock.dll
0x000007fefc590000 - 0x000007fefc597000 	C:\Windows\System32\wship6.dll
0x00000000729d0000 - 0x00000000729dd000 	C:\Program Files\Java\jdk1.8.0_92\jre\bin\management.dll
0x000007fef42e0000 - 0x000007fef4306000 	C:\Program Files (x86)\Sangfor\SSL\ClientComponent3\SangforNspX64.dll
0x000007fefa820000 - 0x000007fefa835000 	C:\Windows\system32\NLAapi.dll
0x000007fefc420000 - 0x000007fefc47b000 	C:\Windows\system32\DNSAPI.dll
0x000007feee8a0000 - 0x000007feee8ab000 	C:\Windows\System32\winrnr.dll
0x000007feee880000 - 0x000007feee895000 	C:\Windows\system32\napinsp.dll
0x000007feee860000 - 0x000007feee879000 	C:\Windows\system32\pnrpnsp.dll
0x000007feee850000 - 0x000007feee860000 	C:\Windows\system32\wshbth.dll
0x000007fefbcf0000 - 0x000007fefbe6a000 	C:\Program Files (x86)\Sangfor\SSL\ClientComponent3\SangforTcpX64.dll
0x000007fefce40000 - 0x000007fefce7a000 	C:\Windows\system32\WINTRUST.dll
0x000000000c4d0000 - 0x000000000c636000 	C:\Windows\system32\CRYPT32.dll
0x000007fefcd60000 - 0x000007fefcd6f000 	C:\Windows\system32\MSASN1.dll
0x000007fefbce0000 - 0x000007fefbce7000 	C:\Windows\System32\wshtcpip.dll
0x000007fef9660000 - 0x000007fef9687000 	C:\Windows\system32\IPHLPAPI.DLL
0x000007fef9650000 - 0x000007fef965b000 	C:\Windows\system32\WINNSI.DLL
0x000007fef4120000 - 0x000007fef4128000 	C:\Windows\system32\rasadhlp.dll
0x000007fef93a0000 - 0x000007fef93f3000 	C:\Windows\System32\fwpuclnt.dll
0x0000000066000000 - 0x0000000066011000 	C:\Program Files\Java\jdk1.8.0_92\jre\bin\nio.dll

VM Arguments:
jvm_args: -javaagent:D:\IDEA\IntelliJ IDEA Community Edition 2017.1.5\lib\idea_rt.jar=12324:D:\IDEA\IntelliJ IDEA Community Edition 2017.1.5\bin -Dfile.encoding=UTF-8 
java_command: com.neo.Application
java_class_path (initial): C:\Program Files\Java\jdk1.8.0_92\jre\lib\charsets.jar;C:\Program Files\Java\jdk1.8.0_92\jre\lib\deploy.jar;C:\Program Files\Java\jdk1.8.0_92\jre\lib\ext\access-bridge-64.jar;C:\Program Files\Java\jdk1.8.0_92\jre\lib\ext\cldrdata.jar;C:\Program Files\Java\jdk1.8.0_92\jre\lib\ext\dnsns.jar;C:\Program Files\Java\jdk1.8.0_92\jre\lib\ext\jaccess.jar;C:\Program Files\Java\jdk1.8.0_92\jre\lib\ext\jfxrt.jar;C:\Program Files\Java\jdk1.8.0_92\jre\lib\ext\localedata.jar;C:\Program Files\Java\jdk1.8.0_92\jre\lib\ext\nashorn.jar;C:\Program Files\Java\jdk1.8.0_92\jre\lib\ext\sunec.jar;C:\Program Files\Java\jdk1.8.0_92\jre\lib\ext\sunjce_provider.jar;C:\Program Files\Java\jdk1.8.0_92\jre\lib\ext\sunmscapi.jar;C:\Program Files\Java\jdk1.8.0_92\jre\lib\ext\sunpkcs11.jar;C:\Program Files\Java\jdk1.8.0_92\jre\lib\ext\zipfs.jar;C:\Program Files\Java\jdk1.8.0_92\jre\lib\javaws.jar;C:\Program Files\Java\jdk1.8.0_92\jre\lib\jce.jar;C:\Program Files\Java\jdk1.8.0_92\jre\lib\jfr.jar;C:\Program Files\Java\jdk1.8.0_92\jre\lib\jfxswt.jar;C:\Program Files\Java\jdk1.8.0_92\jre\lib\jsse.jar;C:\Program Files\Java\jdk1.8.0_92\jre\lib\management-agent.jar;C:\Program Files\Java\jdk1.8.0_92\jre\lib\plugin.jar;C:\Program Files\Java\jdk1.8.0_92\jre\lib\resources.jar;C:\Program Files\Java\jdk1.8.0_92\jre\lib\rt.jar;D:\workspaceIDE\TestHelloWorld\target\classes;C:\Users\Administrator\.m2\repository\org\springframework\boot\spring-boot-starter-web\1.5.4.RELEASE\spring-boot-starter-web-1.5.4.RELEASE.jar;C:\Users\Administrator\.m2\repository\org\springframework\boot\spring-boot-starter-tomcat\1.5.4.RELEASE\spring-boot-starter-tomcat-1.5.4.RELEASE.jar;C:\Users\Administrator\.m2\repository\org\apache\tomcat\embed\tomcat-embed-core\8.5.15\tomcat-embed-core-8.5.15.jar;C:\Users\Administrator\.m2\repository\org\apache\tomcat\embed\tomcat-embed-el\8.5.15\tomcat-embed-el-8.5.15.jar;C:\Users\Administrator\.m2\repository\org\apache\tomcat\embed\tomcat-embed-websocket\8.5.15\tomcat-embed-w
Launcher Type: SUN_STANDARD

Environment Variables:
JAVA_HOME=C:\Program Files\Java\jdk1.8.0_92
PATH=C:\ProgramData\Oracle\Java\javapath;D:\oracle\product\11.2.0\dbhome_1\bin;C:\Program Files (x86)\Common Files\NetSarang;C:\Program Files (x86)\NVIDIA Corporation\PhysX\Common;C:\Program Files (x86)\Intel\iCLS Client\;C:\Program Files\Intel\iCLS Client\;C:\Windows\system32;C:\Windows;C:\Windows\System32\Wbem;C:\Windows\System32\WindowsPowerShell\v1.0\;C:\Program Files\Intel\Intel(R) Management Engine Components\DAL;C:\Program Files\Intel\Intel(R) Management Engine Components\IPT;C:\Program Files (x86)\Intel\Intel(R) Management Engine Components\DAL;C:\Program Files (x86)\Intel\Intel(R) Management Engine Components\IPT;C:\Program Files\Common Files\Lenovo;C:\Program Files\Microsoft\Web Platform Installer\;C:\Program Files (x86)\Microsoft SQL Server\100\Tools\Binn\;C:\Program Files\Microsoft SQL Server\100\Tools\Binn\;C:\Program Files\Microsoft SQL Server\100\DTS\Binn\;C:\Program Files (x86)\Microsoft SQL Server\100\Tools\Binn\VSShell\Common7\IDE\;C:\Program Files (x86)\Microsoft Visual Studio 9.0\Common7\IDE\PrivateAssemblies\;C:\Program Files (x86)\Microsoft SQL Server\100\DTS\Binn\;D:\Git\cmd;D:\TortoiseGit\bin;D:\apache-maven-3.2.1\bin;C:\Program Files\Java\jdk1.8.0_92\bin;
USERNAME=Administrator
OS=Windows_NT
PROCESSOR_IDENTIFIER=Intel64 Family 6 Model 60 Stepping 3, GenuineIntel



---------------  S Y S T E M  ---------------

OS: Windows 7 , 64 bit Build 7600 (6.1.7600.17206)

CPU:total 4 (2 cores per cpu, 2 threads per core) family 6 model 60 stepping 3, cmov, cx8, fxsr, mmx, sse, sse2, sse3, ssse3, sse4.1, sse4.2, popcnt, aes, clmul, erms, lzcnt, ht, tsc, tscinvbit, bmi1, bmi2

Memory: 4k page, physical 8096216k(1300908k free), swap 8094312k(6116k free)

vm_info: Java HotSpot(TM) 64-Bit Server VM (25.92-b14) for windows-amd64 JRE (1.8.0_92-b14), built on Mar 31 2016 21:03:04 by "java_re" with MS VC++ 10.0 (VS2010)

time: Mon Jul 24 17:40:32 2017
elapsed time: 3 seconds (0d 0h 0m 3s)

